Warning: Running a server with --disable-host-check is a security risk. See https://medium.com/webpack/webpack-dev-server-middleware-security-issues-1489d950874a for more information.
- Generating browser application bundles (phase: setup)...
✔ Browser application bundle generation complete.

Initial Chunk Files   | Names         |  Raw Size
vendor.js             | vendor        |   5.02 MB |
polyfills.js          | polyfills     | 332.06 kB |
styles.css, styles.js | styles        | 314.33 kB |
main.js               | main          |  68.68 kB |
runtime.js            | runtime       |   6.51 kB |

| Initial Total |   5.72 MB

Build at: 2024-04-29T17:49:42.729Z - Hash: 181b4080c63c2a21 - Time: 8844ms

** Angular Live Development Server is listening on 0.0.0.0:3034, open your browser on http://localhost:3034/ **


✔ Compiled successfully.
✔ Browser application bundle generation complete.

5 unchanged chunks

Build at: 2024-04-29T17:49:43.913Z - Hash: 181b4080c63c2a21 - Time: 1012ms

✔ Compiled successfully.
systemctl: unrecognized option '--port'
Warning: Running a server with --disable-host-check is a security risk. See https://medium.com/webpack/webpack-dev-server-middleware-security-issues-1489d950874a for more information.
- Generating browser application bundles (phase: setup)...
✔ Browser application bundle generation complete.

Initial Chunk Files   | Names         |  Raw Size
vendor.js             | vendor        |   5.02 MB |
polyfills.js          | polyfills     | 332.06 kB |
styles.css, styles.js | styles        | 314.33 kB |
main.js               | main          |  68.68 kB |
runtime.js            | runtime       |   6.51 kB |

| Initial Total |   5.72 MB

Build at: 2024-04-29T17:54:11.301Z - Hash: 181b4080c63c2a21 - Time: 9095ms

** Angular Live Development Server is listening on 0.0.0.0:3034, open your browser on http://localhost:3034/ **


✔ Compiled successfully.
✔ Browser application bundle generation complete.

5 unchanged chunks

Build at: 2024-04-29T17:54:12.462Z - Hash: 181b4080c63c2a21 - Time: 977ms

✔ Compiled successfully.
Warning: Running a server with --disable-host-check is a security risk. See https://medium.com/webpack/webpack-dev-server-middleware-security-issues-1489d950874a for more information.
- Generating browser application bundles (phase: setup)...
✔ Browser application bundle generation complete.

Initial Chunk Files   | Names         |  Raw Size
vendor.js             | vendor        |   5.02 MB |
polyfills.js          | polyfills     | 332.06 kB |
styles.css, styles.js | styles        | 314.33 kB |
main.js               | main          |  68.68 kB |
runtime.js            | runtime       |   6.51 kB |

| Initial Total |   5.72 MB

Build at: 2024-04-29T17:57:12.716Z - Hash: 181b4080c63c2a21 - Time: 9039ms

** Angular Live Development Server is listening on 0.0.0.0:3034, open your browser on http://localhost:3034/ **


✔ Compiled successfully.
✔ Browser application bundle generation complete.

5 unchanged chunks

Build at: 2024-04-29T17:57:13.811Z - Hash: 181b4080c63c2a21 - Time: 949ms

✔ Compiled successfully.
Warning: Running a server with --disable-host-check is a security risk. See https://medium.com/webpack/webpack-dev-server-middleware-security-issues-1489d950874a for more information.
- Generating browser application bundles (phase: setup)...
✔ Browser application bundle generation complete.

Initial Chunk Files   | Names         |  Raw Size
vendor.js             | vendor        |   5.02 MB |
polyfills.js          | polyfills     | 332.06 kB |
styles.css, styles.js | styles        | 314.33 kB |
main.js               | main          |  68.68 kB |
runtime.js            | runtime       |   6.51 kB |

| Initial Total |   5.72 MB

Build at: 2024-04-29T18:00:16.969Z - Hash: 181b4080c63c2a21 - Time: 9084ms

** Angular Live Development Server is listening on 0.0.0.0:3034, open your browser on http://localhost:3034/ **


✔ Compiled successfully.
✔ Browser application bundle generation complete.

5 unchanged chunks

Build at: 2024-04-29T18:00:18.138Z - Hash: 181b4080c63c2a21 - Time: 941ms

✔ Compiled successfully.
